<?xml version="1.0" encoding="UTF-8"?>
<!-- Generated by org.testng.reporters.JUnitXMLReporter -->
<testsuite ignored="0" hostname="DESKTOP-PP79MS9" failures="3" tests="3" name="Surefire test" time="0.06" errors="0" timestamp="2024-09-09T19:46:17 IST">
  <testcase classname="com.flipkart.FlipkartAutomationTest" name="addProductToCart" time="0.006">
    <failure type="java.lang.NullPointerException" message="Cannot invoke &amp;quot;org.openqa.selenium.WebDriver.get(String)&amp;quot; because &amp;quot;this.driver&amp;quot; is null">
      <![CDATA[java.lang.NullPointerException: Cannot invoke "org.openqa.selenium.WebDriver.get(String)" because "this.driver" is null
at com.flipkart.FlipkartAutomation.openFlipkartHomepage(FlipkartAutomation.java:26)
at com.flipkart.FlipkartAutomationTest.searchProduct(FlipkartAutomationTest.java:10)
at com.flipkart.FlipkartAutomationTest.addProductToCart(FlipkartAutomationTest.java:19)
at java.base/java.util.ArrayList.forEach(ArrayList.java:1596)
... Removed 30 stack frames]]>
    </failure>
  </testcase> <!-- addProductToCart -->
  <testcase classname="com.flipkart.FlipkartAutomationTest" name="proceedToCheckout" time="0.001">
    <failure type="java.lang.NullPointerException" message="Cannot invoke &amp;quot;org.openqa.selenium.WebDriver.get(String)&amp;quot; because &amp;quot;this.driver&amp;quot; is null">
      <![CDATA[java.lang.NullPointerException: Cannot invoke "org.openqa.selenium.WebDriver.get(String)" because "this.driver" is null
at com.flipkart.FlipkartAutomation.openFlipkartHomepage(FlipkartAutomation.java:26)
at com.flipkart.FlipkartAutomationTest.searchProduct(FlipkartAutomationTest.java:10)
at com.flipkart.FlipkartAutomationTest.addProductToCart(FlipkartAutomationTest.java:19)
at com.flipkart.FlipkartAutomationTest.proceedToCheckout(FlipkartAutomationTest.java:36)
at java.base/java.util.ArrayList.forEach(ArrayList.java:1596)
... Removed 30 stack frames]]>
    </failure>
  </testcase> <!-- proceedToCheckout -->
  <testcase classname="com.flipkart.FlipkartAutomationTest" name="searchProduct" time="0.001">
    <failure type="java.lang.NullPointerException" message="Cannot invoke &amp;quot;org.openqa.selenium.WebDriver.get(String)&amp;quot; because &amp;quot;this.driver&amp;quot; is null">
      <![CDATA[java.lang.NullPointerException: Cannot invoke "org.openqa.selenium.WebDriver.get(String)" because "this.driver" is null
at com.flipkart.FlipkartAutomation.openFlipkartHomepage(FlipkartAutomation.java:26)
at com.flipkart.FlipkartAutomationTest.searchProduct(FlipkartAutomationTest.java:10)
at java.base/java.util.ArrayList.forEach(ArrayList.java:1596)
... Removed 30 stack frames]]>
    </failure>
  </testcase> <!-- searchProduct -->
</testsuite> <!-- Surefire test -->
