<?xml version="1.0" encoding="UTF-8"?>
<!-- Generated by org.testng.reporters.JUnitXMLReporter -->
<testsuite ignored="0" hostname="DESKTOP-PP79MS9" failures="0" tests="3" name="Default test" time="31.007" errors="0" timestamp="2024-09-22T23:44:29 IST">
  <testcase classname="com.flipkart.FlipkartAutomationTest" name="addProductToCart" time="9.605"/>
  <testcase classname="com.flipkart.FlipkartAutomationTest" name="proceedToCheckout" time="9.989"/>
  <testcase classname="com.flipkart.FlipkartAutomationTest" name="searchProduct" time="6.836"/>
</testsuite> <!-- Default test -->
