<?xml version="1.0" encoding="UTF-8"?>
<testng-results ignored="0" total="3" passed="3" failed="0" skipped="0">
  <reporter-output>
  </reporter-output>
  <suite started-at="2024-09-22T23:43:58 IST" name="Default suite" finished-at="2024-09-22T23:44:29 IST" duration-ms="31007">
    <groups>
    </groups>
    <test started-at="2024-09-22T23:43:58 IST" name="Default test" finished-at="2024-09-22T23:44:29 IST" duration-ms="31007">
      <class name="com.flipkart.FlipkartAutomationTest">
        <test-method is-config="true" signature="setup()[pri:0, instance:com.flipkart.FlipkartAutomationTest@6379eb]" started-at="2024-09-22T23:43:58 IST" name="setup" finished-at="2024-09-22T23:44:00 IST" duration-ms="2069" status="PASS">
          <reporter-output>
          </reporter-output>
        </test-method> <!-- setup -->
        <test-method signature="addProductToCart()[pri:0, instance:com.flipkart.FlipkartAutomationTest@6379eb]" started-at="2024-09-22T23:44:00 IST" name="addProductToCart" finished-at="2024-09-22T23:44:09 IST" duration-ms="9605" status="PASS">
          <reporter-output>
          </reporter-output>
        </test-method> <!-- addProductToCart -->
        <test-method is-config="true" signature="tearDown()[pri:0, instance:com.flipkart.FlipkartAutomationTest@6379eb]" started-at="2024-09-22T23:44:09 IST" name="tearDown" finished-at="2024-09-22T23:44:10 IST" duration-ms="254" status="PASS">
          <reporter-output>
          </reporter-output>
        </test-method> <!-- tearDown -->
        <test-method is-config="true" signature="setup()[pri:0, instance:com.flipkart.FlipkartAutomationTest@6379eb]" started-at="2024-09-22T23:44:10 IST" name="setup" finished-at="2024-09-22T23:44:10 IST" duration-ms="876" status="PASS">
          <reporter-output>
          </reporter-output>
        </test-method> <!-- setup -->
        <test-method signature="proceedToCheckout()[pri:0, instance:com.flipkart.FlipkartAutomationTest@6379eb]" started-at="2024-09-22T23:44:10 IST" name="proceedToCheckout" finished-at="2024-09-22T23:44:20 IST" duration-ms="9989" status="PASS">
          <reporter-output>
          </reporter-output>
        </test-method> <!-- proceedToCheckout -->
        <test-method is-config="true" signature="tearDown()[pri:0, instance:com.flipkart.FlipkartAutomationTest@6379eb]" started-at="2024-09-22T23:44:20 IST" name="tearDown" finished-at="2024-09-22T23:44:21 IST" duration-ms="257" status="PASS">
          <reporter-output>
          </reporter-output>
        </test-method> <!-- tearDown -->
        <test-method is-config="true" signature="setup()[pri:0, instance:com.flipkart.FlipkartAutomationTest@6379eb]" started-at="2024-09-22T23:44:21 IST" name="setup" finished-at="2024-09-22T23:44:22 IST" duration-ms="851" status="PASS">
          <reporter-output>
          </reporter-output>
        </test-method> <!-- setup -->
        <test-method signature="searchProduct()[pri:0, instance:com.flipkart.FlipkartAutomationTest@6379eb]" started-at="2024-09-22T23:44:22 IST" name="searchProduct" finished-at="2024-09-22T23:44:28 IST" duration-ms="6836" status="PASS">
          <reporter-output>
          </reporter-output>
        </test-method> <!-- searchProduct -->
        <test-method is-config="true" signature="tearDown()[pri:0, instance:com.flipkart.FlipkartAutomationTest@6379eb]" started-at="2024-09-22T23:44:28 IST" name="tearDown" finished-at="2024-09-22T23:44:29 IST" duration-ms="237" status="PASS">
          <reporter-output>
          </reporter-output>
        </test-method> <!-- tearDown -->
      </class> <!-- com.flipkart.FlipkartAutomationTest -->
    </test> <!-- Default test -->
  </suite> <!-- Default suite -->
</testng-results>
